[debug] [2026-07-06T04:28:27.520Z] [Firebase Plugin] Activating Firebase extension.
[info] [Firebase Plugin] Unable to check firebase-tools installation: TypeError: fetch failed
[debug] [2026-07-06T04:29:10.450Z] [Firebase Plugin] requireAuthWrapper
[debug] [2026-07-06T04:29:10.458Z] > command requires scopes: ["email","openid","https://www.googleapis.com/auth/cloudplatformprojects.readonly","https://www.googleapis.com/auth/firebase","https://www.googleapis.com/auth/cloud-platform"]
[debug] [2026-07-06T04:29:10.461Z] > authorizing via signed-in user (saikavitha1975@gmail.com)
[debug] [2026-07-06T04:29:10.494Z] Checked if tokens are valid: true, expires at: 1783315719627
[debug] [2026-07-06T04:29:10.495Z] Checked if tokens are valid: true, expires at: 1783315719627
[debug] [2026-07-06T04:29:10.497Z] [Firebase Plugin] User found:  saikavitha1975@gmail.com
[info] [Firebase Plugin] (Core:Project) New user detected, fetching projects
[debug] [2026-07-06T04:29:10.503Z] Checked if tokens are valid: true, expires at: 1783315719627
[debug] [2026-07-06T04:29:10.508Z] >>> [apiv2][query] GET https://firebase.googleapis.com/v1beta1/projects pageSize=1000
[debug] [2026-07-06T04:29:10.947Z] [Firebase Plugin] VSCode notification server listening on port 40001
[debug] [2026-07-06T04:29:42.878Z] *** [apiv2] error from fetch(https://firebase.googleapis.com/v1beta1/projects?pageSize=1000, {"headers":{},"method":"GET","signal":{"reason":""}}): FetchError: request to https://firebase.googleapis.com/v1beta1/projects?pageSize=1000 failed, reason: socket hang up
[debug] [2026-07-06T04:29:42.882Z] Failed to make request to https://firebase.googleapis.com/v1beta1/projects?pageSize=1000
[info] [Firebase Plugin] Starting SQL Connect toolkit (version 3.4.11) on port 50001
[debug] [2026-07-06T04:30:08.596Z] 'fdc build' failed with error: Unable to build your SQL Connect schema and connectors (exit code 1): E0706 10:00:07.561427   23524 cmd.go:43] Error loading data connect config: could not find dataconnect.yaml in `d:\code for community final set\code-for-community-final-set-\dataconnect`
 {"metadata":{"emulator":{"name":"dataconnect"},"message":"'fdc build' failed with error: Unable to build your SQL Connect schema and connectors (exit code 1): E0706 10:00:07.561427   23524 cmd.go:43] Error loading data connect config: could not find dataconnect.yaml in `d:\\code for community final set\\code-for-community-final-set-\\dataconnect`\n"}}
[debug] [2026-07-06T04:30:08.609Z] Ignoring unsupported arg: auto_download {"metadata":{"emulator":{"name":"dataconnect"},"message":"Ignoring unsupported arg: auto_download"}}
[debug] [2026-07-06T04:30:08.611Z] Ignoring unsupported arg: port {"metadata":{"emulator":{"name":"dataconnect"},"message":"Ignoring unsupported arg: port"}}
[debug] [2026-07-06T04:30:08.613Z] Starting SQL Connect Emulator with command {"binary":"C:\\Users\\saivikas\\.cache\\firebase\\emulators\\dataconnect-emulator-3.4.11.exe","args":["--logtostderr","-v=2","dev","--listen=localhost:50001","--config_dir=d:\\code for community final set\\code-for-community-final-set-\\dataconnect","--enable_output_schema_extensions=true","--enable_output_generated_sdk=true"],"optionalArgs":["listen","config_dir","enable_output_schema_extensions","enable_output_generated_sdk"],"joinArgs":true,"shell":false,"port":9399} {"metadata":{"emulator":{"name":"dataconnect"},"message":"Starting SQL Connect Emulator with command {\"binary\":\"C:\\\\Users\\\\saivikas\\\\.cache\\\\firebase\\\\emulators\\\\dataconnect-emulator-3.4.11.exe\",\"args\":[\"--logtostderr\",\"-v=2\",\"dev\",\"--listen=localhost:50001\",\"--config_dir=d:\\\\code for community final set\\\\code-for-community-final-set-\\\\dataconnect\",\"--enable_output_schema_extensions=true\",\"--enable_output_generated_sdk=true\"],\"optionalArgs\":[\"listen\",\"config_dir\",\"enable_output_schema_extensions\",\"enable_output_generated_sdk\"],\"joinArgs\":true,\"shell\":false,\"port\":9399}"}}
[info] i  dataconnect: SQL Connect Emulator logging to dataconnect-debug.log {"metadata":{"emulator":{"name":"dataconnect"},"message":"SQL Connect Emulator logging to \u001b[1mdataconnect-debug.log\u001b[22m"}}
[debug] [2026-07-06T04:30:15.982Z] E0706 10:00:12.823264   17760 dev.go:83] Failed to load initial config from "d:\\code for community final set\\code-for-community-final-set-\\dataconnect": could not find dataconnect.yaml in `d:\code for community final set\code-for-community-final-set-\dataconnect`
E0706 10:00:12.846541   17760 watch.go:116] watchAllDir unable to walk dir `d:\code for community final set\code-for-community-final-set-\dataconnect`: GetFileAttributesEx d:\code for community final set\code-for-community-final-set-\dataconnect: The system cannot find the file specified.
I0706 10:00:13.305593   17760 dev.go:104] Listening on address (HTTP + gRPC): 127.0.0.1:50001
 {"metadata":{"emulator":{"name":"dataconnect"},"message":"E0706 10:00:12.823264   17760 dev.go:83] Failed to load initial config from \"d:\\\\code for community final set\\\\code-for-community-final-set-\\\\dataconnect\": could not find dataconnect.yaml in `d:\\code for community final set\\code-for-community-final-set-\\dataconnect`\nE0706 10:00:12.846541   17760 watch.go:116] watchAllDir unable to walk dir `d:\\code for community final set\\code-for-community-final-set-\\dataconnect`: GetFileAttributesEx d:\\code for community final set\\code-for-community-final-set-\\dataconnect: The system cannot find the file specified.\nI0706 10:00:13.305593   17760 dev.go:104] Listening on address (HTTP + gRPC): 127.0.0.1:50001\n"}}
[error] [Firebase Plugin] error:  {}
[debug] [2026-07-06T04:30:32.709Z] E0706 10:00:22.850254   17760 watch.go:40] Failed to load config from "d:\\code for community final set\\code-for-community-final-set-\\dataconnect": could not find dataconnect.yaml in `d:\code for community final set\code-for-community-final-set-\dataconnect`
 {"metadata":{"emulator":{"name":"dataconnect"},"message":"E0706 10:00:22.850254   17760 watch.go:40] Failed to load config from \"d:\\\\code for community final set\\\\code-for-community-final-set-\\\\dataconnect\": could not find dataconnect.yaml in `d:\\code for community final set\\code-for-community-final-set-\\dataconnect`\n"}}
[debug] [2026-07-06T04:30:45.129Z] E0706 10:00:32.857263   17760 watch.go:40] Failed to load config from "d:\\code for community final set\\code-for-community-final-set-\\dataconnect": could not find dataconnect.yaml in `d:\code for community final set\code-for-community-final-set-\dataconnect`
E0706 10:00:42.883245   17760 watch.go:40] Failed to load config from "d:\\code for community final set\\code-for-community-final-set-\\dataconnect": could not find dataconnect.yaml in `d:\code for community final set\code-for-community-final-set-\dataconnect`
 {"metadata":{"emulator":{"name":"dataconnect"},"message":"E0706 10:00:32.857263   17760 watch.go:40] Failed to load config from \"d:\\\\code for community final set\\\\code-for-community-final-set-\\\\dataconnect\": could not find dataconnect.yaml in `d:\\code for community final set\\code-for-community-final-set-\\dataconnect`\nE0706 10:00:42.883245   17760 watch.go:40] Failed to load config from \"d:\\\\code for community final set\\\\code-for-community-final-set-\\\\dataconnect\": could not find dataconnect.yaml in `d:\\code for community final set\\code-for-community-final-set-\\dataconnect`\n"}}
[debug] [2026-07-06T04:30:56.418Z] E0706 10:00:52.855075   17760 watch.go:40] Failed to load config from "d:\\code for community final set\\code-for-community-final-set-\\dataconnect": could not find dataconnect.yaml in `d:\code for community final set\code-for-community-final-set-\dataconnect`
 {"metadata":{"emulator":{"name":"dataconnect"},"message":"E0706 10:00:52.855075   17760 watch.go:40] Failed to load config from \"d:\\\\code for community final set\\\\code-for-community-final-set-\\\\dataconnect\": could not find dataconnect.yaml in `d:\\code for community final set\\code-for-community-final-set-\\dataconnect`\n"}}
[debug] [2026-07-06T04:31:03.600Z] E0706 10:01:02.858590   17760 watch.go:40] Failed to load config from "d:\\code for community final set\\code-for-community-final-set-\\dataconnect": could not find dataconnect.yaml in `d:\code for community final set\code-for-community-final-set-\dataconnect`
 {"metadata":{"emulator":{"name":"dataconnect"},"message":"E0706 10:01:02.858590   17760 watch.go:40] Failed to load config from \"d:\\\\code for community final set\\\\code-for-community-final-set-\\\\dataconnect\": could not find dataconnect.yaml in `d:\\code for community final set\\code-for-community-final-set-\\dataconnect`\n"}}
[debug] [2026-07-06T04:31:12.901Z] E0706 10:01:12.901107   17760 watch.go:116] watchAllDir unable to walk dir `d:\code for community final set\code-for-community-final-set-\dataconnect`: GetFileAttributesEx d:\code for community final set\code-for-community-final-set-\dataconnect: The system cannot find the file specified.
 {"metadata":{"emulator":{"name":"dataconnect"},"message":"E0706 10:01:12.901107   17760 watch.go:116] watchAllDir unable to walk dir `d:\\code for community final set\\code-for-community-final-set-\\dataconnect`: GetFileAttributesEx d:\\code for community final set\\code-for-community-final-set-\\dataconnect: The system cannot find the file specified.\n"}}
[debug] [2026-07-06T04:31:12.904Z] E0706 10:01:12.903103   17760 watch.go:40] Failed to load config from "d:\\code for community final set\\code-for-community-final-set-\\dataconnect": could not find dataconnect.yaml in `d:\code for community final set\code-for-community-final-set-\dataconnect`
 {"metadata":{"emulator":{"name":"dataconnect"},"message":"E0706 10:01:12.903103   17760 watch.go:40] Failed to load config from \"d:\\\\code for community final set\\\\code-for-community-final-set-\\\\dataconnect\": could not find dataconnect.yaml in `d:\\code for community final set\\code-for-community-final-set-\\dataconnect`\n"}}
[debug] [2026-07-06T04:31:34.551Z] E0706 10:01:22.850940   17760 watch.go:40] Failed to load config from "d:\\code for community final set\\code-for-community-final-set-\\dataconnect": could not find dataconnect.yaml in `d:\code for community final set\code-for-community-final-set-\dataconnect`
 {"metadata":{"emulator":{"name":"dataconnect"},"message":"E0706 10:01:22.850940   17760 watch.go:40] Failed to load config from \"d:\\\\code for community final set\\\\code-for-community-final-set-\\\\dataconnect\": could not find dataconnect.yaml in `d:\\code for community final set\\code-for-community-final-set-\\dataconnect`\n"}}
[debug] [2026-07-06T04:31:34.703Z] E0706 10:01:32.851091   17760 watch.go:40] Failed to load config from "d:\\code for community final set\\code-for-community-final-set-\\dataconnect": could not find dataconnect.yaml in `d:\code for community final set\code-for-community-final-set-\dataconnect`
 {"metadata":{"emulator":{"name":"dataconnect"},"message":"E0706 10:01:32.851091   17760 watch.go:40] Failed to load config from \"d:\\\\code for community final set\\\\code-for-community-final-set-\\\\dataconnect\": could not find dataconnect.yaml in `d:\\code for community final set\\code-for-community-final-set-\\dataconnect`\n"}}
[debug] [2026-07-06T04:31:49.964Z] E0706 10:01:42.871753   17760 watch.go:40] Failed to load config from "d:\\code for community final set\\code-for-community-final-set-\\dataconnect": could not find dataconnect.yaml in `d:\code for community final set\code-for-community-final-set-\dataconnect`
 {"metadata":{"emulator":{"name":"dataconnect"},"message":"E0706 10:01:42.871753   17760 watch.go:40] Failed to load config from \"d:\\\\code for community final set\\\\code-for-community-final-set-\\\\dataconnect\": could not find dataconnect.yaml in `d:\\code for community final set\\code-for-community-final-set-\\dataconnect`\n"}}
[debug] [2026-07-06T04:32:02.029Z] E0706 10:01:52.850406   17760 watch.go:40] Failed to load config from "d:\\code for community final set\\code-for-community-final-set-\\dataconnect": could not find dataconnect.yaml in `d:\code for community final set\code-for-community-final-set-\dataconnect`
 {"metadata":{"emulator":{"name":"dataconnect"},"message":"E0706 10:01:52.850406   17760 watch.go:40] Failed to load config from \"d:\\\\code for community final set\\\\code-for-community-final-set-\\\\dataconnect\": could not find dataconnect.yaml in `d:\\code for community final set\\code-for-community-final-set-\\dataconnect`\n"}}
[debug] [2026-07-06T04:32:05.942Z] E0706 10:02:02.869480   17760 watch.go:40] Failed to load config from "d:\\code for community final set\\code-for-community-final-set-\\dataconnect": could not find dataconnect.yaml in `d:\code for community final set\code-for-community-final-set-\dataconnect`
 {"metadata":{"emulator":{"name":"dataconnect"},"message":"E0706 10:02:02.869480   17760 watch.go:40] Failed to load config from \"d:\\\\code for community final set\\\\code-for-community-final-set-\\\\dataconnect\": could not find dataconnect.yaml in `d:\\code for community final set\\code-for-community-final-set-\\dataconnect`\n"}}
[debug] [2026-07-06T04:32:12.877Z] E0706 10:02:12.876544   17760 watch.go:40] Failed to load config from "d:\\code for community final set\\code-for-community-final-set-\\dataconnect": could not find dataconnect.yaml in `d:\code for community final set\code-for-community-final-set-\dataconnect`
 {"metadata":{"emulator":{"name":"dataconnect"},"message":"E0706 10:02:12.876544   17760 watch.go:40] Failed to load config from \"d:\\\\code for community final set\\\\code-for-community-final-set-\\\\dataconnect\": could not find dataconnect.yaml in `d:\\code for community final set\\code-for-community-final-set-\\dataconnect`\n"}}
[debug] [2026-07-06T04:32:12.883Z] E0706 10:02:12.875548   17760 watch.go:116] watchAllDir unable to walk dir `d:\code for community final set\code-for-community-final-set-\dataconnect`: GetFileAttributesEx d:\code for community final set\code-for-community-final-set-\dataconnect: The system cannot find the file specified.
 {"metadata":{"emulator":{"name":"dataconnect"},"message":"E0706 10:02:12.875548   17760 watch.go:116] watchAllDir unable to walk dir `d:\\code for community final set\\code-for-community-final-set-\\dataconnect`: GetFileAttributesEx d:\\code for community final set\\code-for-community-final-set-\\dataconnect: The system cannot find the file specified.\n"}}
[debug] [2026-07-06T04:32:22.852Z] E0706 10:02:22.851482   17760 watch.go:40] Failed to load config from "d:\\code for community final set\\code-for-community-final-set-\\dataconnect": could not find dataconnect.yaml in `d:\code for community final set\code-for-community-final-set-\dataconnect`
 {"metadata":{"emulator":{"name":"dataconnect"},"message":"E0706 10:02:22.851482   17760 watch.go:40] Failed to load config from \"d:\\\\code for community final set\\\\code-for-community-final-set-\\\\dataconnect\": could not find dataconnect.yaml in `d:\\code for community final set\\code-for-community-final-set-\\dataconnect`\n"}}
[debug] [2026-07-06T04:32:32.859Z] E0706 10:02:32.858966   17760 watch.go:40] Failed to load config from "d:\\code for community final set\\code-for-community-final-set-\\dataconnect": could not find dataconnect.yaml in `d:\code for community final set\code-for-community-final-set-\dataconnect`
 {"metadata":{"emulator":{"name":"dataconnect"},"message":"E0706 10:02:32.858966   17760 watch.go:40] Failed to load config from \"d:\\\\code for community final set\\\\code-for-community-final-set-\\\\dataconnect\": could not find dataconnect.yaml in `d:\\code for community final set\\code-for-community-final-set-\\dataconnect`\n"}}
[debug] [2026-07-06T04:32:43.013Z] E0706 10:02:43.012659   17760 watch.go:40] Failed to load config from "d:\\code for community final set\\code-for-community-final-set-\\dataconnect": could not find dataconnect.yaml in `d:\code for community final set\code-for-community-final-set-\dataconnect`
 {"metadata":{"emulator":{"name":"dataconnect"},"message":"E0706 10:02:43.012659   17760 watch.go:40] Failed to load config from \"d:\\\\code for community final set\\\\code-for-community-final-set-\\\\dataconnect\": could not find dataconnect.yaml in `d:\\code for community final set\\code-for-community-final-set-\\dataconnect`\n"}}
[debug] [2026-07-06T04:32:52.860Z] E0706 10:02:52.856837   17760 watch.go:40] Failed to load config from "d:\\code for community final set\\code-for-community-final-set-\\dataconnect": could not find dataconnect.yaml in `d:\code for community final set\code-for-community-final-set-\dataconnect`
 {"metadata":{"emulator":{"name":"dataconnect"},"message":"E0706 10:02:52.856837   17760 watch.go:40] Failed to load config from \"d:\\\\code for community final set\\\\code-for-community-final-set-\\\\dataconnect\": could not find dataconnect.yaml in `d:\\code for community final set\\code-for-community-final-set-\\dataconnect`\n"}}
[debug] [2026-07-06T04:33:02.858Z] E0706 10:03:02.851510   17760 watch.go:40] Failed to load config from "d:\\code for community final set\\code-for-community-final-set-\\dataconnect": could not find dataconnect.yaml in `d:\code for community final set\code-for-community-final-set-\dataconnect`
 {"metadata":{"emulator":{"name":"dataconnect"},"message":"E0706 10:03:02.851510   17760 watch.go:40] Failed to load config from \"d:\\\\code for community final set\\\\code-for-community-final-set-\\\\dataconnect\": could not find dataconnect.yaml in `d:\\code for community final set\\code-for-community-final-set-\\dataconnect`\n"}}
[debug] [2026-07-06T04:33:12.865Z] E0706 10:03:12.853502   17760 watch.go:116] watchAllDir unable to walk dir `d:\code for community final set\code-for-community-final-set-\dataconnect`: GetFileAttributesEx d:\code for community final set\code-for-community-final-set-\dataconnect: The system cannot find the file specified.
E0706 10:03:12.855497   17760 watch.go:40] Failed to load config from "d:\\code for community final set\\code-for-community-final-set-\\dataconnect": could not find dataconnect.yaml in `d:\code for community final set\code-for-community-final-set-\dataconnect`
 {"metadata":{"emulator":{"name":"dataconnect"},"message":"E0706 10:03:12.853502   17760 watch.go:116] watchAllDir unable to walk dir `d:\\code for community final set\\code-for-community-final-set-\\dataconnect`: GetFileAttributesEx d:\\code for community final set\\code-for-community-final-set-\\dataconnect: The system cannot find the file specified.\nE0706 10:03:12.855497   17760 watch.go:40] Failed to load config from \"d:\\\\code for community final set\\\\code-for-community-final-set-\\\\dataconnect\": could not find dataconnect.yaml in `d:\\code for community final set\\code-for-community-final-set-\\dataconnect`\n"}}
[debug] [2026-07-06T04:33:22.855Z] E0706 10:03:22.851771   17760 watch.go:40] Failed to load config from "d:\\code for community final set\\code-for-community-final-set-\\dataconnect": could not find dataconnect.yaml in `d:\code for community final set\code-for-community-final-set-\dataconnect`
 {"metadata":{"emulator":{"name":"dataconnect"},"message":"E0706 10:03:22.851771   17760 watch.go:40] Failed to load config from \"d:\\\\code for community final set\\\\code-for-community-final-set-\\\\dataconnect\": could not find dataconnect.yaml in `d:\\code for community final set\\code-for-community-final-set-\\dataconnect`\n"}}
[debug] [2026-07-06T04:33:32.858Z] E0706 10:03:32.854814   17760 watch.go:40] Failed to load config from "d:\\code for community final set\\code-for-community-final-set-\\dataconnect": could not find dataconnect.yaml in `d:\code for community final set\code-for-community-final-set-\dataconnect`
 {"metadata":{"emulator":{"name":"dataconnect"},"message":"E0706 10:03:32.854814   17760 watch.go:40] Failed to load config from \"d:\\\\code for community final set\\\\code-for-community-final-set-\\\\dataconnect\": could not find dataconnect.yaml in `d:\\code for community final set\\code-for-community-final-set-\\dataconnect`\n"}}
